<?xml version="1.0" encoding="UTF-8"?>
<!-- Generated by org.testng.reporters.JUnitXMLReporter -->
<testsuite hostname="DESKTOP-GK61F68" ignored="2" name="TestRunner-Chrome" tests="6" failures="0" timestamp="2021-10-20T15:47:06 IST" time="9.137" errors="0">
  <testcase name="@BeforeMethod setUP" time="1.2" classname="com.sdet.base.BaseClass">
    <failure type="java.lang.NullPointerException">
      <![CDATA[java.lang.NullPointerException
at com.sdet.base.WebDriverListner.beforeFindBy(WebDriverListner.java:85)
at org.openqa.selenium.support.events.EventFiringWebDriver.lambda$new$0(EventFiringWebDriver.java:84)
at com.sun.proxy.$Proxy16.beforeFindBy(Unknown Source)
at org.openqa.selenium.support.events.EventFiringWebDriver.findElement(EventFiringWebDriver.java:193)
at com.sdet.base.BaseClass.setUP(BaseClass.java:66)
at java.util.ArrayList.forEach(Unknown Source)
at java.util.concurrent.FutureTask.run(Unknown Source)
at java.util.concurrent.ThreadPoolExecutor.runWorker(Unknown Source)
at java.util.concurrent.ThreadPoolExecutor$Worker.run(Unknown Source)
at java.lang.Thread.run(Unknown Source)
... Removed 26 stack frames]]>
    </failure>
  </testcase> <!-- @BeforeMethod setUP -->
  <testcase name="@AfterMethod tearDown" time="-1.634725020893E9" classname="com.sdet.base.BaseClass">
    <skipped/>
  </testcase> <!-- @AfterMethod tearDown -->
  <testcase name="@BeforeMethod setUP" time="-1.634725020908E9" classname="com.sdet.base.BaseClass">
    <skipped/>
  </testcase> <!-- @BeforeMethod setUP -->
  <testcase name="@AfterMethod tearDown" time="-1.634725020934E9" classname="com.sdet.base.BaseClass">
    <skipped/>
  </testcase> <!-- @AfterMethod tearDown -->
  <testcase name="@BeforeMethod setUP" time="-1.634725020938E9" classname="com.sdet.base.BaseClass">
    <skipped/>
  </testcase> <!-- @BeforeMethod setUP -->
  <testcase name="@AfterMethod tearDown" time="-1.634725020952E9" classname="com.sdet.base.BaseClass">
    <skipped/>
  </testcase> <!-- @AfterMethod tearDown -->
  <testcase name="@AfterClass configAC" time="-1.634725020959E9" classname="com.sdet.base.BaseClass">
    <skipped/>
  </testcase> <!-- @AfterClass configAC -->
  <testcase name="@BeforeMethod setUP" time="1.311" classname="com.sdet.base.BaseClass">
    <failure type="java.lang.NullPointerException">
      <![CDATA[java.lang.NullPointerException
at com.sdet.base.WebDriverListner.beforeFindBy(WebDriverListner.java:85)
at org.openqa.selenium.support.events.EventFiringWebDriver.lambda$new$0(EventFiringWebDriver.java:84)
at com.sun.proxy.$Proxy16.beforeFindBy(Unknown Source)
at org.openqa.selenium.support.events.EventFiringWebDriver.findElement(EventFiringWebDriver.java:193)
at com.sdet.base.BaseClass.setUP(BaseClass.java:66)
at java.util.ArrayList.forEach(Unknown Source)
at java.util.concurrent.FutureTask.run(Unknown Source)
at java.util.concurrent.ThreadPoolExecutor.runWorker(Unknown Source)
at java.util.concurrent.ThreadPoolExecutor$Worker.run(Unknown Source)
at java.lang.Thread.run(Unknown Source)
... Removed 26 stack frames]]>
    </failure>
  </testcase> <!-- @BeforeMethod setUP -->
  <testcase name="@AfterMethod tearDown" time="-1.634725024366E9" classname="com.sdet.base.BaseClass">
    <skipped/>
  </testcase> <!-- @AfterMethod tearDown -->
  <testcase name="@BeforeMethod setUP" time="-1.63472502437E9" classname="com.sdet.base.BaseClass">
    <skipped/>
  </testcase> <!-- @BeforeMethod setUP -->
  <testcase name="@AfterMethod tearDown" time="-1.634725024418E9" classname="com.sdet.base.BaseClass">
    <skipped/>
  </testcase> <!-- @AfterMethod tearDown -->
  <testcase name="@BeforeMethod setUP" time="-1.634725024427E9" classname="com.sdet.base.BaseClass">
    <skipped/>
  </testcase> <!-- @BeforeMethod setUP -->
  <testcase name="@AfterMethod tearDown" time="-1.634725024455E9" classname="com.sdet.base.BaseClass">
    <skipped/>
  </testcase> <!-- @AfterMethod tearDown -->
  <testcase name="@AfterClass configAC" time="-1.634725024466E9" classname="com.sdet.base.BaseClass">
    <skipped/>
  </testcase> <!-- @AfterClass configAC -->
  <testcase name="TC_ORG_01" time="0.0" classname="com.sdet.contact.OrganzationTest">
    <skipped/>
  </testcase> <!-- TC_ORG_01 -->
  <testcase name="TC_ORG_02" time="0.0" classname="com.sdet.contact.OrganzationTest">
    <skipped/>
  </testcase> <!-- TC_ORG_02 -->
  <testcase name="TC_ORG_03" time="0.0" classname="com.sdet.contact.OrganzationTest">
    <skipped/>
  </testcase> <!-- TC_ORG_03 -->
  <testcase name="TC_CT_01" time="0.0" classname="com.sdet.organization.ContactTest">
    <skipped/>
  </testcase> <!-- TC_CT_01 -->
  <testcase name="TC_CT_02" time="0.0" classname="com.sdet.organization.ContactTest">
    <skipped/>
  </testcase> <!-- TC_CT_02 -->
  <testcase name="TC_CT_03" time="0.0" classname="com.sdet.organization.ContactTest">
    <skipped/>
  </testcase> <!-- TC_CT_03 -->
  <testcase name="@BeforeSuite configBS" time="0.0" classname="com.sdet.base.BaseClass">
    <ignored/>
  </testcase> <!-- @BeforeSuite configBS -->
  <testcase name="@AfterSuite configAS" time="0.0" classname="com.sdet.base.BaseClass">
    <ignored/>
  </testcase> <!-- @AfterSuite configAS -->
</testsuite> <!-- TestRunner-Chrome -->
